<?xml version="1.0" encoding="UTF-8"?>
<testng-results ignored="0" total="1" passed="1" failed="0" skipped="0">
  <reporter-output>
  </reporter-output>
  <suite started-at="2023-07-08T08:21:50 IST" name="Suite" finished-at="2023-07-08T08:22:03 IST" duration-ms="12982">
    <groups>
      <group name="LoginPage">
        <method signature="LoginPageTest.validateLoginFunctionality()[pri:0, instance:TestLayer.LoginPageTest@1fa121e2]" name="validateLoginFunctionality" class="TestLayer.LoginPageTest"/>
      </group> <!-- LoginPage -->
    </groups>
    <test started-at="2023-07-08T08:21:50 IST" name="Test" finished-at="2023-07-08T08:22:03 IST" duration-ms="12982">
      <class name="TestLayer.LoginPageTest">
        <test-method is-config="true" signature="setUp()[pri:0, instance:TestLayer.LoginPageTest@1fa121e2]" started-at="2023-07-08T08:21:50 IST" name="setUp" finished-at="2023-07-08T08:22:01 IST" duration-ms="11115" status="PASS">
          <reporter-output>
          </reporter-output>
        </test-method> <!-- setUp -->
        <test-method signature="validateLoginFunctionality()[pri:0, instance:TestLayer.LoginPageTest@1fa121e2]" started-at="2023-07-08T08:22:02 IST" name="validateLoginFunctionality" finished-at="2023-07-08T08:22:03 IST" duration-ms="1435" status="PASS">
          <reporter-output>
          </reporter-output>
        </test-method> <!-- validateLoginFunctionality -->
        <test-method is-config="true" signature="tearDown()[pri:0, instance:TestLayer.LoginPageTest@1fa121e2]" started-at="2023-07-08T08:22:03 IST" name="tearDown" finished-at="2023-07-08T08:22:03 IST" duration-ms="257" status="PASS">
          <reporter-output>
          </reporter-output>
        </test-method> <!-- tearDown -->
      </class> <!-- TestLayer.LoginPageTest -->
    </test> <!-- Test -->
  </suite> <!-- Suite -->
</testng-results>
